<>22
..<>
<>^^
11vv
11^^
22vv

<>22
.<>.
<>^^
11vv
11^^
22vv

<>2.
.<>2
<>^^
11vv
11^^
22vv

<>2.
<>.2
<>^^
11vv
11^^
22vv

<>..
<>22
<>^^
11vv
11^^
22vv

.<>.
<>22
<>^^
11vv
11^^
22vv

..<>
<>22
<>^^
11vv
11^^
22vv

<><>
..22
<>^^
11vv
11^^
22vv

<><>
.2.2
<>^^
11vv
11^^
22vv

<><>
2..2
<>^^
11vv
11^^
22vv

<><>
2.2.
<>^^
11vv
11^^
22vv

<><>
22..
<>^^
11vv
11^^
22vv

<><>
22^.
<>v^
11.v
11^^
22vv

<><>
22^.
<>v^
11^v
11v^
22.v

<><>
22^^
<>vv
11^.
11v^
22.v

<><>
22^^
<>vv
11^.
11v^
2.2v

<><>
22^^
<>vv
11^^
11vv
2.2.

<><>
22^^
<>vv
11^^
11vv
.22.

<><>
22^^
<>vv
11^^
11vv
.2.2

<><>
22^^
<>vv
11^^
11vv
..22

<><>
22^^
<>vv
..^^
11vv
1122

<><>
22^^
..vv
<>^^
11vv
1122

<><>
.2^^
2.vv
<>^^
11vv
1122

<><>
2.^^
2.vv
<>^^
11vv
1122

<><>
2^.^
2v.v
<>^^
11vv
1122

<><>
2^.^
2v^v
<>v^
11.v
1122

<><>
2^.^
2v^v
<>v^
112v
11.2

<><>
2^.^
2v^v
<>v^
112v
112.

<><>
2^.^
2v^v
<>v.
112^
112v

<><>
2^..
2v^^
<>vv
112^
112v

<>..
2^<>
2v^^
<>vv
112^
112v

.<>.
2^<>
2v^^
<>vv
112^
112v

..<>
2^<>
2v^^
<>vv
112^
112v

.^<>
2v<>
2.^^
<>vv
112^
112v

.^<>
2v<>
.2^^
<>vv
112^
112v

.^<>
.v<>
22^^
<>vv
112^
112v

^.<>
v.<>
22^^
<>vv
112^
112v

^.<>
v2<>
2.^^
<>vv
112^
112v

^2<>
v.<>
2.^^
<>vv
112^
112v

^2<>
v<>.
2.^^
<>vv
112^
112v

^2<>
v<>^
2.^v
<>v.
112^
112v

^2<>
v<>^
2.^v
<>v^
112v
112.

^2<>
v<>^
2.^v
<>v^
112v
11.2

^2<>
v<>^
2.^v
<>v^
11.v
1122

^2<>
v<>^
2..v
<>^^
11vv
1122

^2<>
v..^
2<>v
<>^^
11vv
1122

^.<>
v2.^
2<>v
<>^^
11vv
1122

^<>.
v2.^
2<>v
<>^^
11vv
1122

^<>^
v2.v
2<>.
<>^^
11vv
1122

^<>^
v2.v
2<>^
<>^v
11v.
1122

^<>^
v2.v
2<>^
<>^v
11v2
112.

^<>^
v2.v
2<>^
<>^v
11v2
11.2

^<>^
v2.v
2<>^
<>.v
11^2
11v2

^<>^
v2.v
2<>^
.<>v
11^2
11v2

^<>^
v2.v
.<>^
2<>v
11^2
11v2

.<>^
^2.v
v<>^
2<>v
11^2
11v2

<>.^
^2.v
v<>^
2<>v
11^2
11v2

<>.^
^.2v
v<>^
2<>v
11^2
11v2

<>2^
^..v
v<>^
2<>v
11^2
11v2

<>2^
^<>v
v..^
2<>v
11^2
11v2

<>2^
^<>v
v<>^
2..v
11^2
11v2

<>2^
^<>v
v<>^
2.^v
11v2
11.2

<>2^
^<>v
v<>^
2.^v
11v2
112.

<>2^
^<>v
v<>^
2.^v
11v.
1122

<>2^
^<>v
v<>.
2.^^
11vv
1122

<>2.
^<>^
v<>v
2.^^
11vv
1122

<>.2
^<>^
v<>v
2.^^
11vv
1122

.<>2
^<>^
v<>v
2.^^
11vv
1122

^<>2
v<>^
.<>v
2.^^
11vv
1122

^<>2
v<>^
2<>v
..^^
11vv
1122

^<>2
v<>^
2<>v
11^^
11vv
..22

^<>2
v<>^
2<>v
11^^
11vv
.2.2

^<>2
v<>^
2<>v
11^^
11vv
.22.

^<>2
v<>^
2<>v
11^.
11v^
.22v

^<>2
v<>^
2<>v
11^.
11v^
2.2v

^<>2
v<>^
2<>v
11^.
11v^
22.v

^<>2
v<>^
2<>v
11..
11^^
22vv

^<>2
v<>.
2<>^
11.v
11^^
22vv

^<>.
v<>2
2<>^
11.v
11^^
22vv

^.<>
v<>2
2<>^
11.v
11^^
22vv

