^11^
v11v
^<>^
v22v
2..2

^11^
v11v
^<>^
v22v
2.2.

^11^
v11v
^<>.
v22^
2.2v

^11^
v11v
^.<>
v22^
2.2v

^11^
v11v
^.<>
v22^
.22v

^11^
v11v
..<>
^22^
v22v

^11^
v11v
.2<>
^.2^
v22v

^11^
v11v
2.<>
^.2^
v22v

^11^
v11v
2<>.
^.2^
v22v

^11^
v11v
2<>^
^.2v
v22.

^11^
v11v
2<>^
^.2v
v2.2

^11^
v11v
2<>^
^.2v
v.22

^11^
v11v
2<>^
.^2v
.v22

^11^
v11v
.<>^
2^2v
.v22

^11^
v11v
<>.^
2^2v
.v22

^11^
v11v
<>2^
2^.v
.v22

^11^
v11v
<>2^
2^2v
.v.2

^11^
v11v
<>2^
2^2v
.v2.

^11^
v11v
<>2.
2^2^
.v2v

^11^
v11v
<>.2
2^2^
.v2v

^11^
v11v
.<>2
2^2^
.v2v

^11^
v11v
.<>2
.^2^
2v2v

.11^
^11v
v<>2
.^2^
2v2v

.11^
.11v
^<>2
v^2^
2v2v

11.^
11.v
^<>2
v^2^
2v2v

11^.
11v.
^<>2
v^2^
2v2v

11^.
11v2
^<>.
v^2^
2v2v

11^2
11v.
^<>.
v^2^
2v2v

11^2
11v.
^<>^
v^2v
2v2.

11^2
11v.
^<>^
v^2v
2v.2

11^2
11v^
^<>v
v^2.
2v.2

11^2
11v^
^<>v
v^.2
2v.2

11^2
11v^
^<>v
v.^2
2.v2

11^2
11v^
^<>v
v.^2
.2v2

11^2
11v^
.<>v
^.^2
v2v2

11^2
11v^
<>.v
^.^2
v2v2

11^2
11v^
<>^v
^.v2
v2.2

11^2
11v^
<>^v
^2v2
v..2

11^2
11v^
<>^v
^2v2
v.2.

11^2
11v^
<>^v
^2v2
v2..

11^2
11v^
<>.v
^2^2
v2v.

11.2
11^^
<>vv
^2^2
v2v.

112.
11^^
<>vv
^2^2
v2v.

112^
11^v
<>v.
^2^2
v2v.

112^
11^v
<>v2
^2^.
v2v.

112^
11^v
<>v2
^2.^
v2.v

112^
11.v
<>^2
^2v^
v2.v

112^
11.v
<>.2
^2^^
v2vv

112^
11.v
<>2.
^2^^
v2vv

112^
112v
<>..
^2^^
v2vv

112^
112v
.<>.
^2^^
v2vv

112^
112v
^<>.
v2^^
.2vv

112^
112v
^<>.
v2^^
2.vv

112^
112v
^<>.
v.^^
22vv

112^
112v
^.<>
v.^^
22vv

112^
112v
.^<>
.v^^
22vv

112^
112v
.^<>
2v^^
.2vv

112^
112v
.^<>
2v^^
2.vv

112^
112v
..<>
2^^^
2vvv

112^
112v
.<>.
2^^^
2vvv

112^
112v
<>..
2^^^
2vvv

112^
112v
<>^.
2^v^
2v.v

112.
112^
<>^v
2^v^
2v.v

11.2
112^
<>^v
2^v^
2v.v

1122
11.^
<>^v
2^v^
2v.v

1122
11^^
<>vv
2^.^
2v.v

1122
11^^
<>vv
2.^^
2.vv

1122
11^^
<>vv
.2^^
2.vv

1122
11^^
<>vv
..^^
22vv

1122
11^^
..vv
<>^^
22vv

..22
11^^
11vv
<>^^
22vv

.2.2
11^^
11vv
<>^^
22vv

.22.
11^^
11vv
<>^^
22vv

.22^
11^v
11v.
<>^^
22vv

2.2^
11^v
11v.
<>^^
22vv

22.^
11^v
11v.
<>^^
22vv

22^^
11vv
11..
<>^^
22vv

22^^
11vv
11^.
<>v^
22.v

22^^
11vv
11^.
<>v^
2.2v

22^^
11vv
11^^
<>vv
2.2.

22^^
11vv
11^^
<>vv
2..2

22^^
11vv
11^^
<>vv
.2.2

22^^
11vv
11^^
<>vv
..22

22^^
11vv
11^^
..vv
<>22

22^^
..vv
11^^
11vv
<>22

.2^^
2.vv
11^^
11vv
<>22

2.^^
2.vv
11^^
11vv
<>22

2^.^
2v.v
11^^
11vv
<>22

2^.^
2v^v
11v^
11.v
<>22

2^^^
2vvv
11.^
11.v
<>22

2^^^
2vvv
.11^
.11v
<>22

2^^^
.vvv
211^
.11v
<>22

2^^^
.vvv
.11^
211v
<>22

.^^^
2vvv
.11^
211v
<>22

.^^^
.vvv
211^
211v
<>22

^.^^
v.vv
211^
211v
<>22

^^.^
vv.v
211^
211v
<>22

^^^.
vvv.
211^
211v
<>22

^^^.
vvv^
211v
211.
<>22

^^^^
vvvv
211.
211.
<>22

^^^^
vvvv
2.11
2.11
<>22

^^^^
vvvv
2.11
.211
<>22

^^^^
vvvv
2211
..11
<>22

^^^^
vvvv
2211
<>11
..22

^^^^
vvvv
2211
<>11
.2.2

^^^^
vvvv
2211
<>11
.22.

^^^^
vvvv
2211
<>11
2.2.

^^^^
vvvv
2211
<>11
22..

^^^^
vvvv
22..
<>11
2211

^^^^
vvvv
2.2.
<>11
2211

^^^^
vvvv
2..2
<>11
2211

^^^^
vvvv
.2.2
<>11
2211

^^^^
vvvv
..22
<>11
2211

^^^^
vvvv
<>22
..11
2211

^^^^
vvvv
<>22
2.11
.211

^^^^
vvvv
<>22
2.11
2.11

^^^^
vvvv
<>22
211.
211.

